mode: set
github.com/biodoia/ghrego/cmd/server/main.go:18.13,24.39 3 0
github.com/biodoia/ghrego/cmd/server/main.go:24.39,26.3 1 0
github.com/biodoia/ghrego/cmd/server/main.go:29.2,30.16 2 0
github.com/biodoia/ghrego/cmd/server/main.go:30.16,32.3 1 0
github.com/biodoia/ghrego/cmd/server/main.go:33.2,48.16 10 0
github.com/biodoia/ghrego/cmd/server/main.go:48.16,50.3 1 0
github.com/biodoia/ghrego/cmd/server/main.go:50.8,52.3 1 0
github.com/biodoia/ghrego/cmd/server/main.go:55.2,58.25 3 0
github.com/biodoia/ghrego/cmd/server/main.go:58.25,60.3 1 0
github.com/biodoia/ghrego/cmd/server/main.go:60.8,63.3 1 0
github.com/biodoia/ghrego/cmd/server/main.go:66.2,68.37 2 0
github.com/biodoia/ghrego/cmd/server/main.go:68.37,70.3 1 0
github.com/biodoia/ghrego/internal/adapters/ai/gemini.go:20.81,22.16 2 0
github.com/biodoia/ghrego/internal/adapters/ai/gemini.go:22.16,24.3 1 0
github.com/biodoia/ghrego/internal/adapters/ai/gemini.go:27.2,33.8 3 0
github.com/biodoia/ghrego/internal/adapters/ai/gemini.go:36.32,38.2 1 0
github.com/biodoia/ghrego/internal/adapters/ai/gemini.go:40.122,59.16 4 0
github.com/biodoia/ghrego/internal/adapters/ai/gemini.go:59.16,61.3 1 0
github.com/biodoia/ghrego/internal/adapters/ai/gemini.go:63.2,63.68 1 0
github.com/biodoia/ghrego/internal/adapters/ai/gemini.go:63.68,65.3 1 0
github.com/biodoia/ghrego/internal/adapters/ai/gemini.go:67.2,71.56 3 0
github.com/biodoia/ghrego/internal/adapters/ai/gemini.go:71.56,72.39 1 0
github.com/biodoia/ghrego/internal/adapters/ai/gemini.go:72.39,74.4 1 0
github.com/biodoia/ghrego/internal/adapters/ai/gemini.go:78.2,82.67 4 0
github.com/biodoia/ghrego/internal/adapters/ai/gemini.go:82.67,85.3 2 0
github.com/biodoia/ghrego/internal/adapters/ai/gemini.go:87.2,87.23 1 0
github.com/biodoia/ghrego/internal/adapters/ai/gemini.go:91.35,94.2 2 0
github.com/biodoia/ghrego/internal/adapters/github/client.go:20.38,35.2 6 0
github.com/biodoia/ghrego/internal/adapters/github/client.go:38.106,40.51 2 0
github.com/biodoia/ghrego/internal/adapters/github/client.go:40.51,42.3 1 0
github.com/biodoia/ghrego/internal/adapters/github/client.go:44.2,50.6 3 0
github.com/biodoia/ghrego/internal/adapters/github/client.go:50.6,52.17 2 0
github.com/biodoia/ghrego/internal/adapters/github/client.go:52.17,54.4 1 0
github.com/biodoia/ghrego/internal/adapters/github/client.go:55.3,56.25 2 0
github.com/biodoia/ghrego/internal/adapters/github/client.go:56.25,57.9 1 0
github.com/biodoia/ghrego/internal/adapters/github/client.go:59.3,59.28 1 0
github.com/biodoia/ghrego/internal/adapters/github/client.go:63.2,64.29 2 0
github.com/biodoia/ghrego/internal/adapters/github/client.go:64.29,66.3 1 0
github.com/biodoia/ghrego/internal/adapters/github/client.go:68.2,69.25 2 0
github.com/biodoia/ghrego/internal/adapters/github/client.go:73.105,75.51 2 0
github.com/biodoia/ghrego/internal/adapters/github/client.go:75.51,77.3 1 0
github.com/biodoia/ghrego/internal/adapters/github/client.go:79.2,80.16 2 0
github.com/biodoia/ghrego/internal/adapters/github/client.go:80.16,82.3 1 0
github.com/biodoia/ghrego/internal/adapters/github/client.go:84.2,86.24 3 0
github.com/biodoia/ghrego/internal/adapters/github/client.go:90.96,92.16 2 0
github.com/biodoia/ghrego/internal/adapters/github/client.go:92.16,94.43 1 0
github.com/biodoia/ghrego/internal/adapters/github/client.go:94.43,96.4 1 0
github.com/biodoia/ghrego/internal/adapters/github/client.go:97.3,97.17 1 0
github.com/biodoia/ghrego/internal/adapters/github/client.go:100.2,100.24 1 0
github.com/biodoia/ghrego/internal/adapters/github/client.go:100.24,102.3 1 0
github.com/biodoia/ghrego/internal/adapters/github/client.go:104.2,105.16 2 0
github.com/biodoia/ghrego/internal/adapters/github/client.go:105.16,107.3 1 0
github.com/biodoia/ghrego/internal/adapters/github/client.go:108.2,108.21 1 0
github.com/biodoia/ghrego/internal/adapters/github/client.go:112.96,114.16 2 0
github.com/biodoia/ghrego/internal/adapters/github/client.go:114.16,116.3 1 0
github.com/biodoia/ghrego/internal/adapters/github/client.go:117.2,117.19 1 0
github.com/biodoia/ghrego/internal/adapters/github/client.go:121.115,123.16 2 0
github.com/biodoia/ghrego/internal/adapters/github/client.go:123.16,125.3 1 0
github.com/biodoia/ghrego/internal/adapters/github/client.go:126.2,129.16 3 0
github.com/biodoia/ghrego/internal/adapters/github/client.go:129.16,131.3 1 0
github.com/biodoia/ghrego/internal/adapters/github/client.go:133.2,137.37 4 0
github.com/biodoia/ghrego/internal/adapters/github/client.go:137.37,138.32 1 0
github.com/biodoia/ghrego/internal/adapters/github/client.go:138.32,143.22 5 0
github.com/biodoia/ghrego/internal/adapters/github/client.go:143.22,145.5 1 0
github.com/biodoia/ghrego/internal/adapters/github/client.go:146.4,146.20 1 0
github.com/biodoia/ghrego/internal/adapters/github/client.go:147.9,147.39 1 0
github.com/biodoia/ghrego/internal/adapters/github/client.go:147.39,149.4 1 0
github.com/biodoia/ghrego/internal/adapters/github/client.go:152.2,152.41 1 0
github.com/biodoia/ghrego/internal/adapters/github/client.go:156.74,175.31 2 0
github.com/biodoia/ghrego/internal/adapters/github/client.go:175.31,178.3 2 0
github.com/biodoia/ghrego/internal/adapters/github/client.go:179.2,179.28 1 0
github.com/biodoia/ghrego/internal/adapters/github/client.go:179.28,182.3 2 0
github.com/biodoia/ghrego/internal/adapters/github/client.go:184.2,184.13 1 0
github.com/biodoia/ghrego/internal/adapters/handler/http/router.go:36.11,48.2 3 1
github.com/biodoia/ghrego/internal/adapters/handler/http/router.go:50.32,68.44 8 1
github.com/biodoia/ghrego/internal/adapters/handler/http/router.go:68.44,76.47 4 1
github.com/biodoia/ghrego/internal/adapters/handler/http/router.go:76.47,80.40 4 1
github.com/biodoia/ghrego/internal/adapters/handler/http/router.go:80.40,83.5 2 1
github.com/biodoia/ghrego/internal/adapters/handler/http/router.go:87.3,87.43 1 1
github.com/biodoia/ghrego/internal/adapters/handler/http/router.go:87.43,91.4 3 1
github.com/biodoia/ghrego/internal/adapters/handler/http/router.go:94.3,94.46 1 1
github.com/biodoia/ghrego/internal/adapters/handler/http/router.go:94.46,97.4 2 1
github.com/biodoia/ghrego/internal/adapters/handler/http/router.go:101.30,104.2 2 0
github.com/biodoia/ghrego/internal/adapters/handler/http/router.go:107.65,108.71 1 1
github.com/biodoia/ghrego/internal/adapters/handler/http/router.go:108.71,118.3 3 1
github.com/biodoia/ghrego/internal/adapters/handler/http/router.go:123.70,126.16 3 0
github.com/biodoia/ghrego/internal/adapters/handler/http/router.go:126.16,129.3 2 0
github.com/biodoia/ghrego/internal/adapters/handler/http/router.go:130.2,130.17 1 0
github.com/biodoia/ghrego/internal/adapters/handler/http/router.go:130.17,133.3 2 0
github.com/biodoia/ghrego/internal/adapters/handler/http/router.go:134.2,134.25 1 0
github.com/biodoia/ghrego/internal/adapters/handler/http/router.go:137.71,140.2 1 0
github.com/biodoia/ghrego/internal/adapters/handler/http/router.go:142.81,147.31 3 1
github.com/biodoia/ghrego/internal/adapters/handler/http/router.go:147.31,150.3 2 1
github.com/biodoia/ghrego/internal/adapters/handler/http/router.go:152.2,152.91 1 1
github.com/biodoia/ghrego/internal/adapters/handler/http/router.go:152.91,155.3 2 0
github.com/biodoia/ghrego/internal/adapters/handler/http/router.go:158.2,163.4 2 1
github.com/biodoia/ghrego/internal/adapters/handler/http/router.go:166.81,169.16 3 0
github.com/biodoia/ghrego/internal/adapters/handler/http/router.go:169.16,172.3 2 0
github.com/biodoia/ghrego/internal/adapters/handler/http/router.go:173.2,173.26 1 0
github.com/biodoia/ghrego/internal/adapters/handler/http/router.go:176.78,181.16 4 1
github.com/biodoia/ghrego/internal/adapters/handler/http/router.go:181.16,184.3 2 0
github.com/biodoia/ghrego/internal/adapters/handler/http/router.go:185.2,185.17 1 1
github.com/biodoia/ghrego/internal/adapters/handler/http/router.go:185.17,188.3 2 1
github.com/biodoia/ghrego/internal/adapters/handler/http/router.go:189.2,189.25 1 1
github.com/biodoia/ghrego/internal/adapters/handler/http/router.go:192.81,196.60 3 0
github.com/biodoia/ghrego/internal/adapters/handler/http/router.go:196.60,199.3 2 0
github.com/biodoia/ghrego/internal/adapters/handler/http/router.go:200.2,200.53 1 0
github.com/biodoia/ghrego/internal/adapters/handler/http/router.go:203.83,206.16 3 0
github.com/biodoia/ghrego/internal/adapters/handler/http/router.go:206.16,209.3 2 0
github.com/biodoia/ghrego/internal/adapters/handler/http/router.go:210.2,210.26 1 0
github.com/biodoia/ghrego/internal/adapters/handler/http/router.go:219.78,221.56 2 0
github.com/biodoia/ghrego/internal/adapters/handler/http/router.go:221.56,224.3 2 0
github.com/biodoia/ghrego/internal/adapters/handler/http/router.go:227.2,227.12 1 0
github.com/biodoia/ghrego/internal/adapters/handler/http/router.go:227.12,231.17 3 0
github.com/biodoia/ghrego/internal/adapters/handler/http/router.go:231.17,233.4 1 0
github.com/biodoia/ghrego/internal/adapters/handler/http/router.go:236.2,236.91 1 0
github.com/biodoia/ghrego/internal/adapters/handler/http/router.go:239.76,248.2 4 0
github.com/biodoia/ghrego/internal/adapters/handler/http/router.go:250.77,253.2 1 0
github.com/biodoia/ghrego/internal/adapters/handler/http/router.go:257.80,260.16 3 0
github.com/biodoia/ghrego/internal/adapters/handler/http/router.go:260.16,263.3 2 0
github.com/biodoia/ghrego/internal/adapters/handler/http/router.go:264.2,264.26 1 0
github.com/biodoia/ghrego/internal/adapters/handler/http/router.go:267.87,270.2 1 0
github.com/biodoia/ghrego/internal/adapters/handler/http/router.go:283.76,286.2 2 1
github.com/biodoia/ghrego/internal/adapters/handler/http/router.go:288.51,295.2 1 0
github.com/biodoia/ghrego/internal/adapters/handler/http/router.go:300.45,307.2 1 0
github.com/biodoia/ghrego/internal/config/config.go:45.21,47.40 1 1
github.com/biodoia/ghrego/internal/config/config.go:47.40,49.3 1 1
github.com/biodoia/ghrego/internal/config/config.go:51.2,78.3 1 1
github.com/biodoia/ghrego/internal/config/config.go:81.55,82.42 1 1
github.com/biodoia/ghrego/internal/config/config.go:82.42,84.3 1 1
github.com/biodoia/ghrego/internal/config/config.go:85.2,85.21 1 1
github.com/biodoia/ghrego/internal/config/config.go:88.34,90.17 2 1
github.com/biodoia/ghrego/internal/config/config.go:90.17,92.3 1 1
github.com/biodoia/ghrego/internal/config/config.go:93.2,94.10 2 0
github.com/biodoia/ghrego/internal/config/config.go:97.50,99.17 2 1
github.com/biodoia/ghrego/internal/config/config.go:99.17,101.3 1 1
github.com/biodoia/ghrego/internal/config/config.go:102.2,103.10 2 0
github.com/biodoia/ghrego/internal/config/config.go:106.56,108.17 2 1
github.com/biodoia/ghrego/internal/config/config.go:108.17,110.3 1 1
github.com/biodoia/ghrego/internal/config/config.go:111.2,112.10 2 0
github.com/biodoia/ghrego/internal/config/config.go:115.75,117.17 2 1
github.com/biodoia/ghrego/internal/config/config.go:117.17,119.3 1 1
github.com/biodoia/ghrego/internal/config/config.go:120.2,121.16 2 0
github.com/biodoia/ghrego/internal/config/config.go:121.16,124.3 2 0
github.com/biodoia/ghrego/internal/config/config.go:125.2,125.10 1 0
github.com/biodoia/ghrego/internal/config/config.go:128.62,130.17 2 1
github.com/biodoia/ghrego/internal/config/config.go:130.17,132.3 1 1
github.com/biodoia/ghrego/internal/config/config.go:133.2,133.34 1 0
github.com/biodoia/ghrego/internal/config/config.go:137.35,138.18 1 1
github.com/biodoia/ghrego/internal/config/config.go:138.18,140.3 1 1
github.com/biodoia/ghrego/internal/config/config.go:141.2,141.25 1 1
github.com/biodoia/ghrego/internal/config/config.go:141.25,143.3 1 1
github.com/biodoia/ghrego/internal/config/config.go:144.2,144.26 1 1
github.com/biodoia/ghrego/internal/config/config.go:144.26,146.3 1 0
github.com/biodoia/ghrego/internal/config/config.go:147.2,147.27 1 1
github.com/biodoia/ghrego/internal/config/config.go:147.27,149.3 1 0
github.com/biodoia/ghrego/internal/config/config.go:150.2,150.12 1 1
github.com/biodoia/ghrego/internal/config/config.go:156.42,158.2 1 0
github.com/biodoia/ghrego/internal/adapters/storage/postgres/analysis_repository.go:15.61,17.2 1 0
github.com/biodoia/ghrego/internal/adapters/storage/postgres/analysis_repository.go:19.108,27.16 3 0
github.com/biodoia/ghrego/internal/adapters/storage/postgres/analysis_repository.go:27.16,29.3 1 0
github.com/biodoia/ghrego/internal/adapters/storage/postgres/analysis_repository.go:30.2,33.18 3 0
github.com/biodoia/ghrego/internal/adapters/storage/postgres/analysis_repository.go:33.18,40.17 2 0
github.com/biodoia/ghrego/internal/adapters/storage/postgres/analysis_repository.go:40.17,42.4 1 0
github.com/biodoia/ghrego/internal/adapters/storage/postgres/analysis_repository.go:43.3,43.33 1 0
github.com/biodoia/ghrego/internal/adapters/storage/postgres/analysis_repository.go:45.2,45.22 1 0
github.com/biodoia/ghrego/internal/adapters/storage/postgres/analysis_repository.go:48.102,57.16 3 0
github.com/biodoia/ghrego/internal/adapters/storage/postgres/analysis_repository.go:57.16,59.3 1 0
github.com/biodoia/ghrego/internal/adapters/storage/postgres/analysis_repository.go:60.2,63.18 3 0
github.com/biodoia/ghrego/internal/adapters/storage/postgres/analysis_repository.go:63.18,68.17 2 0
github.com/biodoia/ghrego/internal/adapters/storage/postgres/analysis_repository.go:68.17,70.4 1 0
github.com/biodoia/ghrego/internal/adapters/storage/postgres/analysis_repository.go:71.3,71.33 1 0
github.com/biodoia/ghrego/internal/adapters/storage/postgres/analysis_repository.go:73.2,73.22 1 0
github.com/biodoia/ghrego/internal/adapters/storage/postgres/analysis_repository.go:76.98,96.16 3 0
github.com/biodoia/ghrego/internal/adapters/storage/postgres/analysis_repository.go:96.16,98.3 1 0
github.com/biodoia/ghrego/internal/adapters/storage/postgres/analysis_repository.go:99.2,99.25 1 0
github.com/biodoia/ghrego/internal/adapters/storage/postgres/analysis_repository.go:102.104,108.23 1 0
github.com/biodoia/ghrego/internal/adapters/storage/postgres/analysis_repository.go:108.23,110.3 1 0
github.com/biodoia/ghrego/internal/adapters/storage/postgres/analysis_repository.go:112.2,115.28 4 0
github.com/biodoia/ghrego/internal/adapters/storage/postgres/analysis_repository.go:115.28,117.12 1 0
github.com/biodoia/ghrego/internal/adapters/storage/postgres/analysis_repository.go:118.78,121.7 3 0
github.com/biodoia/ghrego/internal/adapters/storage/postgres/analysis_repository.go:124.2,129.12 5 0
github.com/biodoia/ghrego/internal/adapters/storage/postgres/connection.go:30.45,35.16 4 0
github.com/biodoia/ghrego/internal/adapters/storage/postgres/connection.go:35.16,37.3 1 0
github.com/biodoia/ghrego/internal/adapters/storage/postgres/connection.go:40.2,46.16 6 0
github.com/biodoia/ghrego/internal/adapters/storage/postgres/connection.go:46.16,48.3 1 0
github.com/biodoia/ghrego/internal/adapters/storage/postgres/connection.go:50.2,50.39 1 0
github.com/biodoia/ghrego/internal/adapters/storage/postgres/connection.go:50.39,52.3 1 0
github.com/biodoia/ghrego/internal/adapters/storage/postgres/connection.go:54.2,55.29 2 0
github.com/biodoia/ghrego/internal/adapters/storage/postgres/connection.go:58.23,60.2 1 0
github.com/biodoia/ghrego/internal/adapters/storage/postgres/other_repositories.go:16.59,18.2 1 0
github.com/biodoia/ghrego/internal/adapters/storage/postgres/other_repositories.go:20.106,23.16 3 0
github.com/biodoia/ghrego/internal/adapters/storage/postgres/other_repositories.go:23.16,25.3 1 0
github.com/biodoia/ghrego/internal/adapters/storage/postgres/other_repositories.go:26.2,28.18 3 0
github.com/biodoia/ghrego/internal/adapters/storage/postgres/other_repositories.go:28.18,30.156 2 0
github.com/biodoia/ghrego/internal/adapters/storage/postgres/other_repositories.go:30.156,32.4 1 0
github.com/biodoia/ghrego/internal/adapters/storage/postgres/other_repositories.go:33.3,33.27 1 0
github.com/biodoia/ghrego/internal/adapters/storage/postgres/other_repositories.go:35.2,35.19 1 0
github.com/biodoia/ghrego/internal/adapters/storage/postgres/other_repositories.go:38.95,43.2 4 0
github.com/biodoia/ghrego/internal/adapters/storage/postgres/other_repositories.go:45.94,46.24 1 0
github.com/biodoia/ghrego/internal/adapters/storage/postgres/other_repositories.go:46.24,48.3 1 0
github.com/biodoia/ghrego/internal/adapters/storage/postgres/other_repositories.go:50.2,51.29 2 0
github.com/biodoia/ghrego/internal/adapters/storage/postgres/other_repositories.go:51.29,53.3 1 0
github.com/biodoia/ghrego/internal/adapters/storage/postgres/other_repositories.go:55.2,61.12 2 0
github.com/biodoia/ghrego/internal/adapters/storage/postgres/other_repositories.go:69.65,71.2 1 0
github.com/biodoia/ghrego/internal/adapters/storage/postgres/other_repositories.go:73.112,76.16 3 0
github.com/biodoia/ghrego/internal/adapters/storage/postgres/other_repositories.go:76.16,78.3 1 0
github.com/biodoia/ghrego/internal/adapters/storage/postgres/other_repositories.go:79.2,81.18 3 0
github.com/biodoia/ghrego/internal/adapters/storage/postgres/other_repositories.go:81.18,83.122 2 0
github.com/biodoia/ghrego/internal/adapters/storage/postgres/other_repositories.go:83.122,85.4 1 0
github.com/biodoia/ghrego/internal/adapters/storage/postgres/other_repositories.go:86.3,86.27 1 0
github.com/biodoia/ghrego/internal/adapters/storage/postgres/other_repositories.go:88.2,88.19 1 0
github.com/biodoia/ghrego/internal/adapters/storage/postgres/other_repositories.go:91.97,92.21 1 0
github.com/biodoia/ghrego/internal/adapters/storage/postgres/other_repositories.go:92.21,94.3 1 0
github.com/biodoia/ghrego/internal/adapters/storage/postgres/other_repositories.go:95.2,96.26 2 0
github.com/biodoia/ghrego/internal/adapters/storage/postgres/other_repositories.go:96.26,98.3 1 0
github.com/biodoia/ghrego/internal/adapters/storage/postgres/other_repositories.go:99.2,105.12 2 0
github.com/biodoia/ghrego/internal/adapters/storage/postgres/other_repositories.go:113.65,115.2 1 0
github.com/biodoia/ghrego/internal/adapters/storage/postgres/other_repositories.go:117.112,120.16 3 0
github.com/biodoia/ghrego/internal/adapters/storage/postgres/other_repositories.go:120.16,122.3 1 0
github.com/biodoia/ghrego/internal/adapters/storage/postgres/other_repositories.go:123.2,125.18 3 0
github.com/biodoia/ghrego/internal/adapters/storage/postgres/other_repositories.go:125.18,127.179 2 0
github.com/biodoia/ghrego/internal/adapters/storage/postgres/other_repositories.go:127.179,129.4 1 0
github.com/biodoia/ghrego/internal/adapters/storage/postgres/other_repositories.go:130.3,130.27 1 0
github.com/biodoia/ghrego/internal/adapters/storage/postgres/other_repositories.go:132.2,132.19 1 0
github.com/biodoia/ghrego/internal/adapters/storage/postgres/other_repositories.go:135.108,143.16 3 0
github.com/biodoia/ghrego/internal/adapters/storage/postgres/other_repositories.go:143.16,145.3 1 0
github.com/biodoia/ghrego/internal/adapters/storage/postgres/other_repositories.go:146.2,148.18 3 0
github.com/biodoia/ghrego/internal/adapters/storage/postgres/other_repositories.go:148.18,150.179 2 0
github.com/biodoia/ghrego/internal/adapters/storage/postgres/other_repositories.go:150.179,152.4 1 0
github.com/biodoia/ghrego/internal/adapters/storage/postgres/other_repositories.go:153.3,153.27 1 0
github.com/biodoia/ghrego/internal/adapters/storage/postgres/other_repositories.go:155.2,155.19 1 0
github.com/biodoia/ghrego/internal/adapters/storage/postgres/other_repositories.go:158.97,162.16 4 0
github.com/biodoia/ghrego/internal/adapters/storage/postgres/other_repositories.go:162.16,163.27 1 0
github.com/biodoia/ghrego/internal/adapters/storage/postgres/other_repositories.go:163.27,165.4 1 0
github.com/biodoia/ghrego/internal/adapters/storage/postgres/other_repositories.go:166.3,166.18 1 0
github.com/biodoia/ghrego/internal/adapters/storage/postgres/other_repositories.go:168.2,168.16 1 0
github.com/biodoia/ghrego/internal/adapters/storage/postgres/other_repositories.go:171.104,185.2 4 0
github.com/biodoia/ghrego/internal/adapters/storage/postgres/other_repositories.go:187.112,190.2 2 0
github.com/biodoia/ghrego/internal/adapters/storage/postgres/relation_repository.go:18.61,20.2 1 0
github.com/biodoia/ghrego/internal/adapters/storage/postgres/relation_repository.go:22.118,25.16 3 0
github.com/biodoia/ghrego/internal/adapters/storage/postgres/relation_repository.go:25.16,27.3 1 0
github.com/biodoia/ghrego/internal/adapters/storage/postgres/relation_repository.go:28.2,30.18 3 0
github.com/biodoia/ghrego/internal/adapters/storage/postgres/relation_repository.go:30.18,32.150 2 0
github.com/biodoia/ghrego/internal/adapters/storage/postgres/relation_repository.go:32.150,34.4 1 0
github.com/biodoia/ghrego/internal/adapters/storage/postgres/relation_repository.go:35.3,35.27 1 0
github.com/biodoia/ghrego/internal/adapters/storage/postgres/relation_repository.go:37.2,37.19 1 0
github.com/biodoia/ghrego/internal/adapters/storage/postgres/relation_repository.go:40.108,45.2 4 0
github.com/biodoia/ghrego/internal/adapters/storage/postgres/relation_repository.go:52.67,54.2 1 0
github.com/biodoia/ghrego/internal/adapters/storage/postgres/relation_repository.go:56.107,71.2 3 0
github.com/biodoia/ghrego/internal/adapters/storage/postgres/relation_repository.go:73.122,77.23 1 0
github.com/biodoia/ghrego/internal/adapters/storage/postgres/relation_repository.go:77.23,79.3 1 0
github.com/biodoia/ghrego/internal/adapters/storage/postgres/relation_repository.go:80.2,83.28 4 0
github.com/biodoia/ghrego/internal/adapters/storage/postgres/relation_repository.go:83.28,87.3 3 0
github.com/biodoia/ghrego/internal/adapters/storage/postgres/relation_repository.go:88.2,91.12 4 0
github.com/biodoia/ghrego/internal/adapters/storage/postgres/relation_repository.go:94.123,102.16 4 0
github.com/biodoia/ghrego/internal/adapters/storage/postgres/relation_repository.go:102.16,103.27 1 0
github.com/biodoia/ghrego/internal/adapters/storage/postgres/relation_repository.go:103.27,105.4 1 0
github.com/biodoia/ghrego/internal/adapters/storage/postgres/relation_repository.go:106.3,106.18 1 0
github.com/biodoia/ghrego/internal/adapters/storage/postgres/relation_repository.go:108.2,108.17 1 0
github.com/biodoia/ghrego/internal/adapters/storage/postgres/relation_repository.go:111.117,114.16 3 0
github.com/biodoia/ghrego/internal/adapters/storage/postgres/relation_repository.go:114.16,116.3 1 0
github.com/biodoia/ghrego/internal/adapters/storage/postgres/relation_repository.go:117.2,119.18 3 0
github.com/biodoia/ghrego/internal/adapters/storage/postgres/relation_repository.go:119.18,125.17 2 0
github.com/biodoia/ghrego/internal/adapters/storage/postgres/relation_repository.go:125.17,127.4 1 0
github.com/biodoia/ghrego/internal/adapters/storage/postgres/relation_repository.go:128.3,128.28 1 0
github.com/biodoia/ghrego/internal/adapters/storage/postgres/relation_repository.go:130.2,130.19 1 0
github.com/biodoia/ghrego/internal/adapters/storage/postgres/repository_store.go:16.55,18.2 1 0
github.com/biodoia/ghrego/internal/adapters/storage/postgres/repository_store.go:20.101,31.16 3 1
github.com/biodoia/ghrego/internal/adapters/storage/postgres/repository_store.go:31.16,33.3 1 0
github.com/biodoia/ghrego/internal/adapters/storage/postgres/repository_store.go:34.2,37.18 3 1
github.com/biodoia/ghrego/internal/adapters/storage/postgres/repository_store.go:37.18,44.17 2 1
github.com/biodoia/ghrego/internal/adapters/storage/postgres/repository_store.go:44.17,46.4 1 0
github.com/biodoia/ghrego/internal/adapters/storage/postgres/repository_store.go:47.3,47.30 1 1
github.com/biodoia/ghrego/internal/adapters/storage/postgres/repository_store.go:49.2,49.19 1 1
github.com/biodoia/ghrego/internal/adapters/storage/postgres/repository_store.go:52.92,69.16 4 0
github.com/biodoia/ghrego/internal/adapters/storage/postgres/repository_store.go:69.16,70.27 1 0
github.com/biodoia/ghrego/internal/adapters/storage/postgres/repository_store.go:70.27,72.4 1 0
github.com/biodoia/ghrego/internal/adapters/storage/postgres/repository_store.go:73.3,73.62 1 0
github.com/biodoia/ghrego/internal/adapters/storage/postgres/repository_store.go:75.2,75.19 1 0
github.com/biodoia/ghrego/internal/adapters/storage/postgres/repository_store.go:78.93,117.16 3 0
github.com/biodoia/ghrego/internal/adapters/storage/postgres/repository_store.go:117.16,119.3 1 0
github.com/biodoia/ghrego/internal/adapters/storage/postgres/repository_store.go:120.2,125.26 4 0
github.com/biodoia/ghrego/internal/adapters/storage/postgres/repository_store.go:125.26,137.17 2 0
github.com/biodoia/ghrego/internal/adapters/storage/postgres/repository_store.go:137.17,139.4 1 0
github.com/biodoia/ghrego/internal/adapters/storage/postgres/repository_store.go:140.8,140.23 1 0
github.com/biodoia/ghrego/internal/adapters/storage/postgres/repository_store.go:140.23,142.3 1 0
github.com/biodoia/ghrego/internal/adapters/storage/postgres/repository_store.go:142.8,152.17 2 0
github.com/biodoia/ghrego/internal/adapters/storage/postgres/repository_store.go:152.17,154.4 1 0
github.com/biodoia/ghrego/internal/adapters/storage/postgres/repository_store.go:157.2,157.35 1 0
github.com/biodoia/ghrego/internal/adapters/storage/postgres/repository_store.go:160.69,163.2 2 0
github.com/biodoia/ghrego/internal/adapters/storage/postgres/repository_store.go:165.97,166.19 1 0
github.com/biodoia/ghrego/internal/adapters/storage/postgres/repository_store.go:166.19,168.3 1 0
github.com/biodoia/ghrego/internal/adapters/storage/postgres/repository_store.go:169.2,178.16 3 0
github.com/biodoia/ghrego/internal/adapters/storage/postgres/repository_store.go:178.16,180.3 1 0
github.com/biodoia/ghrego/internal/adapters/storage/postgres/repository_store.go:181.2,184.18 3 0
github.com/biodoia/ghrego/internal/adapters/storage/postgres/repository_store.go:184.18,191.17 2 0
github.com/biodoia/ghrego/internal/adapters/storage/postgres/repository_store.go:191.17,193.4 1 0
github.com/biodoia/ghrego/internal/adapters/storage/postgres/repository_store.go:194.3,194.30 1 0
github.com/biodoia/ghrego/internal/adapters/storage/postgres/repository_store.go:196.2,196.19 1 0
github.com/biodoia/ghrego/internal/adapters/storage/postgres/repository_store.go:199.101,203.2 1 0
github.com/biodoia/ghrego/internal/adapters/storage/postgres/user_repository.go:17.53,19.2 1 0
github.com/biodoia/ghrego/internal/adapters/storage/postgres/user_repository.go:22.79,46.16 3 0
github.com/biodoia/ghrego/internal/adapters/storage/postgres/user_repository.go:46.16,48.3 1 0
github.com/biodoia/ghrego/internal/adapters/storage/postgres/user_repository.go:50.2,51.27 2 0
github.com/biodoia/ghrego/internal/adapters/storage/postgres/user_repository.go:51.27,53.3 1 0
github.com/biodoia/ghrego/internal/adapters/storage/postgres/user_repository.go:55.2,66.16 2 0
github.com/biodoia/ghrego/internal/adapters/storage/postgres/user_repository.go:66.16,68.3 1 0
github.com/biodoia/ghrego/internal/adapters/storage/postgres/user_repository.go:70.2,70.12 1 0
github.com/biodoia/ghrego/internal/adapters/storage/postgres/user_repository.go:74.96,99.16 5 0
github.com/biodoia/ghrego/internal/adapters/storage/postgres/user_repository.go:99.16,100.27 1 0
github.com/biodoia/ghrego/internal/adapters/storage/postgres/user_repository.go:100.27,102.4 1 0
github.com/biodoia/ghrego/internal/adapters/storage/postgres/user_repository.go:103.3,103.66 1 0
github.com/biodoia/ghrego/internal/adapters/storage/postgres/user_repository.go:106.2,107.19 2 0
github.com/biodoia/ghrego/internal/adapters/storage/postgres/user_repository.go:111.85,136.16 5 1
github.com/biodoia/ghrego/internal/adapters/storage/postgres/user_repository.go:136.16,137.27 1 1
github.com/biodoia/ghrego/internal/adapters/storage/postgres/user_repository.go:137.27,139.4 1 1
github.com/biodoia/ghrego/internal/adapters/storage/postgres/user_repository.go:140.3,140.62 1 0
github.com/biodoia/ghrego/internal/adapters/storage/postgres/user_repository.go:143.2,144.19 2 1
github.com/biodoia/ghrego/internal/core/services/ai.go:28.27,37.2 1 1
github.com/biodoia/ghrego/internal/core/services/ai.go:39.144,42.16 2 1
github.com/biodoia/ghrego/internal/core/services/ai.go:42.16,44.3 1 0
github.com/biodoia/ghrego/internal/core/services/ai.go:45.2,45.17 1 1
github.com/biodoia/ghrego/internal/core/services/ai.go:45.17,47.3 1 1
github.com/biodoia/ghrego/internal/core/services/ai.go:53.2,65.16 4 1
github.com/biodoia/ghrego/internal/core/services/ai.go:65.16,67.3 1 1
github.com/biodoia/ghrego/internal/core/services/ai.go:70.2,75.16 4 1
github.com/biodoia/ghrego/internal/core/services/ai.go:75.16,77.3 1 0
github.com/biodoia/ghrego/internal/core/services/ai.go:78.2,81.23 2 1
github.com/biodoia/ghrego/internal/core/services/ai.go:81.23,82.65 1 1
github.com/biodoia/ghrego/internal/core/services/ai.go:82.65,84.4 1 0
github.com/biodoia/ghrego/internal/core/services/ai.go:88.2,88.20 1 1
github.com/biodoia/ghrego/internal/core/services/ai.go:88.20,89.65 1 0
github.com/biodoia/ghrego/internal/core/services/ai.go:89.65,91.4 1 0
github.com/biodoia/ghrego/internal/core/services/ai.go:95.2,95.35 1 1
github.com/biodoia/ghrego/internal/core/services/ai.go:95.35,96.64 1 0
github.com/biodoia/ghrego/internal/core/services/ai.go:96.64,98.4 1 0
github.com/biodoia/ghrego/internal/core/services/ai.go:101.2,102.22 2 1
github.com/biodoia/ghrego/internal/core/services/ai.go:105.115,109.2 1 0
github.com/biodoia/ghrego/internal/core/services/github.go:19.136,25.2 1 1
github.com/biodoia/ghrego/internal/core/services/github.go:27.104,43.16 2 1
github.com/biodoia/ghrego/internal/core/services/github.go:43.16,45.3 1 1
github.com/biodoia/ghrego/internal/core/services/github.go:46.2,46.32 1 1
github.com/biodoia/ghrego/internal/core/services/github.go:46.32,48.3 1 1
github.com/biodoia/ghrego/internal/core/services/github.go:50.2,51.16 2 1
github.com/biodoia/ghrego/internal/core/services/github.go:51.16,53.3 1 1
github.com/biodoia/ghrego/internal/core/services/github.go:55.2,57.29 2 1
github.com/biodoia/ghrego/internal/core/services/github.go:57.29,63.17 5 1
github.com/biodoia/ghrego/internal/core/services/github.go:63.17,66.4 1 0
github.com/biodoia/ghrego/internal/core/services/github.go:69.2,69.12 1 1
github.com/biodoia/ghrego/internal/core/services/github.go:72.123,74.2 1 0
github.com/biodoia/ghrego/internal/core/services/github.go:76.88,79.16 2 0
github.com/biodoia/ghrego/internal/core/services/github.go:79.16,81.3 1 0
github.com/biodoia/ghrego/internal/core/services/github.go:90.2,92.12 2 0
github.com/biodoia/ghrego/internal/mocks/mocks.go:15.79,18.2 2 0
github.com/biodoia/ghrego/internal/mocks/mocks.go:20.96,22.24 2 0
github.com/biodoia/ghrego/internal/mocks/mocks.go:22.24,24.3 1 0
github.com/biodoia/ghrego/internal/mocks/mocks.go:25.2,25.50 1 0
github.com/biodoia/ghrego/internal/mocks/mocks.go:28.85,30.24 2 0
github.com/biodoia/ghrego/internal/mocks/mocks.go:30.24,32.3 1 0
github.com/biodoia/ghrego/internal/mocks/mocks.go:33.2,33.50 1 0
github.com/biodoia/ghrego/internal/mocks/mocks.go:41.101,43.24 2 0
github.com/biodoia/ghrego/internal/mocks/mocks.go:43.24,45.3 1 0
github.com/biodoia/ghrego/internal/mocks/mocks.go:46.2,46.57 1 0
github.com/biodoia/ghrego/internal/mocks/mocks.go:49.92,51.24 2 0
github.com/biodoia/ghrego/internal/mocks/mocks.go:51.24,53.3 1 0
github.com/biodoia/ghrego/internal/mocks/mocks.go:54.2,54.56 1 0
github.com/biodoia/ghrego/internal/mocks/mocks.go:57.97,59.24 2 0
github.com/biodoia/ghrego/internal/mocks/mocks.go:59.24,61.3 1 0
github.com/biodoia/ghrego/internal/mocks/mocks.go:62.2,62.57 1 0
github.com/biodoia/ghrego/internal/mocks/mocks.go:65.93,68.2 2 0
github.com/biodoia/ghrego/internal/mocks/mocks.go:70.69,73.2 2 0
github.com/biodoia/ghrego/internal/mocks/mocks.go:75.101,77.24 2 0
github.com/biodoia/ghrego/internal/mocks/mocks.go:77.24,79.3 1 0
github.com/biodoia/ghrego/internal/mocks/mocks.go:80.2,80.60 1 0
github.com/biodoia/ghrego/internal/mocks/mocks.go:88.100,91.2 2 0
github.com/biodoia/ghrego/internal/mocks/mocks.go:93.119,95.24 2 0
github.com/biodoia/ghrego/internal/mocks/mocks.go:95.24,97.3 1 0
github.com/biodoia/ghrego/internal/mocks/mocks.go:98.2,98.56 1 0
github.com/biodoia/ghrego/internal/mocks/mocks.go:101.84,104.2 2 0
github.com/biodoia/ghrego/internal/mocks/mocks.go:111.112,113.24 2 0
github.com/biodoia/ghrego/internal/mocks/mocks.go:113.24,115.3 1 0
github.com/biodoia/ghrego/internal/mocks/mocks.go:116.2,116.58 1 0
github.com/biodoia/ghrego/internal/mocks/mocks.go:119.111,121.24 2 0
github.com/biodoia/ghrego/internal/mocks/mocks.go:121.24,123.3 1 0
github.com/biodoia/ghrego/internal/mocks/mocks.go:124.2,124.56 1 0
github.com/biodoia/ghrego/internal/mocks/mocks.go:127.102,130.2 2 0
github.com/biodoia/ghrego/internal/mocks/mocks.go:132.102,134.24 2 0
github.com/biodoia/ghrego/internal/mocks/mocks.go:134.24,136.3 1 0
github.com/biodoia/ghrego/internal/mocks/mocks.go:137.2,137.52 1 0
github.com/biodoia/ghrego/internal/mocks/mocks.go:140.121,143.2 2 0
github.com/biodoia/ghrego/internal/mocks/mocks.go:150.118,152.24 2 0
github.com/biodoia/ghrego/internal/mocks/mocks.go:152.24,154.3 1 0
github.com/biodoia/ghrego/internal/mocks/mocks.go:155.2,155.72 1 0
github.com/biodoia/ghrego/internal/mocks/mocks.go:162.140,164.24 2 0
github.com/biodoia/ghrego/internal/mocks/mocks.go:164.24,166.3 1 0
github.com/biodoia/ghrego/internal/mocks/mocks.go:167.2,167.54 1 0
github.com/biodoia/ghrego/internal/mocks/mocks.go:170.111,172.24 2 0
github.com/biodoia/ghrego/internal/mocks/mocks.go:172.24,174.3 1 0
github.com/biodoia/ghrego/internal/mocks/mocks.go:175.2,175.57 1 0
github.com/biodoia/ghrego/internal/mocks/mocks_extended.go:16.108,18.24 2 0
github.com/biodoia/ghrego/internal/mocks/mocks_extended.go:18.24,20.3 1 0
github.com/biodoia/ghrego/internal/mocks/mocks_extended.go:21.2,21.55 1 0
github.com/biodoia/ghrego/internal/mocks/mocks_extended.go:24.102,26.24 2 0
github.com/biodoia/ghrego/internal/mocks/mocks_extended.go:26.24,28.3 1 0
github.com/biodoia/ghrego/internal/mocks/mocks_extended.go:29.2,29.55 1 0
github.com/biodoia/ghrego/internal/mocks/mocks_extended.go:32.98,35.2 2 0
github.com/biodoia/ghrego/internal/mocks/mocks_extended.go:37.104,40.2 2 0
github.com/biodoia/ghrego/internal/mocks/mocks_extended.go:47.106,49.24 2 0
github.com/biodoia/ghrego/internal/mocks/mocks_extended.go:49.24,51.3 1 0
github.com/biodoia/ghrego/internal/mocks/mocks_extended.go:52.2,52.54 1 0
github.com/biodoia/ghrego/internal/mocks/mocks_extended.go:55.95,58.2 2 0
github.com/biodoia/ghrego/internal/mocks/mocks_extended.go:60.94,63.2 2 0
github.com/biodoia/ghrego/internal/mocks/mocks_extended.go:70.112,72.24 2 0
github.com/biodoia/ghrego/internal/mocks/mocks_extended.go:72.24,74.3 1 0
github.com/biodoia/ghrego/internal/mocks/mocks_extended.go:75.2,75.57 1 0
github.com/biodoia/ghrego/internal/mocks/mocks_extended.go:78.97,81.2 2 0
github.com/biodoia/ghrego/internal/mocks/mocks_extended.go:88.112,90.24 2 0
github.com/biodoia/ghrego/internal/mocks/mocks_extended.go:90.24,92.3 1 0
github.com/biodoia/ghrego/internal/mocks/mocks_extended.go:93.2,93.57 1 0
github.com/biodoia/ghrego/internal/mocks/mocks_extended.go:96.108,98.24 2 0
github.com/biodoia/ghrego/internal/mocks/mocks_extended.go:98.24,100.3 1 0
github.com/biodoia/ghrego/internal/mocks/mocks_extended.go:101.2,101.57 1 0
github.com/biodoia/ghrego/internal/mocks/mocks_extended.go:104.97,106.24 2 0
github.com/biodoia/ghrego/internal/mocks/mocks_extended.go:106.24,108.3 1 0
github.com/biodoia/ghrego/internal/mocks/mocks_extended.go:109.2,109.56 1 0
github.com/biodoia/ghrego/internal/mocks/mocks_extended.go:112.104,115.2 2 0
github.com/biodoia/ghrego/internal/mocks/mocks_extended.go:117.112,120.2 2 0
github.com/biodoia/ghrego/internal/mocks/mocks_extended.go:127.118,129.24 2 0
github.com/biodoia/ghrego/internal/mocks/mocks_extended.go:129.24,131.3 1 0
github.com/biodoia/ghrego/internal/mocks/mocks_extended.go:132.2,132.65 1 0
github.com/biodoia/ghrego/internal/mocks/mocks_extended.go:135.108,138.2 2 0
github.com/biodoia/ghrego/internal/mocks/mocks_extended.go:145.107,148.2 2 0
github.com/biodoia/ghrego/internal/mocks/mocks_extended.go:150.122,153.2 2 0
github.com/biodoia/ghrego/internal/mocks/mocks_extended.go:155.123,157.24 2 0
github.com/biodoia/ghrego/internal/mocks/mocks_extended.go:157.24,159.3 1 0
github.com/biodoia/ghrego/internal/mocks/mocks_extended.go:160.2,160.66 1 0
github.com/biodoia/ghrego/internal/mocks/mocks_extended.go:163.117,165.24 2 0
github.com/biodoia/ghrego/internal/mocks/mocks_extended.go:165.24,167.3 1 0
github.com/biodoia/ghrego/internal/mocks/mocks_extended.go:168.2,168.67 1 0
github.com/biodoia/ghrego/internal/cache/redis.go:28.58,29.23 1 0
github.com/biodoia/ghrego/internal/cache/redis.go:29.23,31.3 1 0
github.com/biodoia/ghrego/internal/cache/redis.go:32.2,32.25 1 0
github.com/biodoia/ghrego/internal/cache/redis.go:32.25,34.3 1 0
github.com/biodoia/ghrego/internal/cache/redis.go:36.2,46.47 4 0
github.com/biodoia/ghrego/internal/cache/redis.go:46.47,48.3 1 0
github.com/biodoia/ghrego/internal/cache/redis.go:50.2,55.8 2 0
github.com/biodoia/ghrego/internal/cache/redis.go:59.84,63.22 3 0
github.com/biodoia/ghrego/internal/cache/redis.go:63.22,65.3 1 0
github.com/biodoia/ghrego/internal/cache/redis.go:66.2,66.16 1 0
github.com/biodoia/ghrego/internal/cache/redis.go:66.16,68.3 1 0
github.com/biodoia/ghrego/internal/cache/redis.go:70.2,70.51 1 0
github.com/biodoia/ghrego/internal/cache/redis.go:70.51,72.3 1 0
github.com/biodoia/ghrego/internal/cache/redis.go:74.2,75.12 2 0
github.com/biodoia/ghrego/internal/cache/redis.go:79.104,83.16 3 0
github.com/biodoia/ghrego/internal/cache/redis.go:83.16,85.3 1 0
github.com/biodoia/ghrego/internal/cache/redis.go:87.2,87.68 1 0
github.com/biodoia/ghrego/internal/cache/redis.go:87.68,89.3 1 0
github.com/biodoia/ghrego/internal/cache/redis.go:91.2,92.12 2 0
github.com/biodoia/ghrego/internal/cache/redis.go:96.69,99.57 2 0
github.com/biodoia/ghrego/internal/cache/redis.go:99.57,101.3 1 0
github.com/biodoia/ghrego/internal/cache/redis.go:103.2,104.12 2 0
github.com/biodoia/ghrego/internal/cache/redis.go:108.80,112.6 3 0
github.com/biodoia/ghrego/internal/cache/redis.go:112.6,117.17 4 0
github.com/biodoia/ghrego/internal/cache/redis.go:117.17,119.4 1 0
github.com/biodoia/ghrego/internal/cache/redis.go:121.3,121.20 1 0
github.com/biodoia/ghrego/internal/cache/redis.go:121.20,122.59 1 0
github.com/biodoia/ghrego/internal/cache/redis.go:122.59,124.5 1 0
github.com/biodoia/ghrego/internal/cache/redis.go:127.3,127.18 1 0
github.com/biodoia/ghrego/internal/cache/redis.go:127.18,128.9 1 0
github.com/biodoia/ghrego/internal/cache/redis.go:132.2,133.12 2 0
github.com/biodoia/ghrego/internal/cache/redis.go:137.62,138.49 1 0
github.com/biodoia/ghrego/internal/cache/redis.go:138.49,140.3 1 0
github.com/biodoia/ghrego/internal/cache/redis.go:141.2,141.12 1 0
github.com/biodoia/ghrego/internal/cache/redis.go:145.37,147.2 1 0
github.com/biodoia/ghrego/internal/core/domain/analysis_dto.go:41.110,58.31 3 0
github.com/biodoia/ghrego/internal/core/domain/analysis_dto.go:58.31,67.3 1 0
github.com/biodoia/ghrego/internal/core/domain/analysis_dto.go:70.2,71.35 2 0
github.com/biodoia/ghrego/internal/core/domain/analysis_dto.go:71.35,79.3 1 0
github.com/biodoia/ghrego/internal/core/domain/analysis_dto.go:82.2,83.34 2 0
github.com/biodoia/ghrego/internal/core/domain/analysis_dto.go:83.34,94.3 1 0
github.com/biodoia/ghrego/internal/core/domain/analysis_dto.go:96.2,96.47 1 0
github.com/biodoia/ghrego/internal/core/domain/helpers.go:9.45,10.13 1 0
github.com/biodoia/ghrego/internal/core/domain/helpers.go:10.13,12.3 1 0
github.com/biodoia/ghrego/internal/core/domain/helpers.go:13.2,13.47 1 0
github.com/biodoia/ghrego/internal/core/domain/helpers.go:16.40,18.2 1 0
github.com/biodoia/ghrego/internal/core/domain/helpers.go:20.44,21.19 1 0
github.com/biodoia/ghrego/internal/core/domain/helpers.go:21.19,23.6 1 0
github.com/biodoia/ghrego/internal/core/domain/helpers.go:24.5,24.46 1 0
